<?xml version="1.0" encoding="UTF-8"?>
<testng-results ignored="0" total="1" passed="1" failed="0" skipped="0">
  <reporter-output>
  </reporter-output>
  <suite started-at="2025-07-30T17:34:19 IST" name="Suite" finished-at="2025-07-30T17:34:24 IST" duration-ms="5401">
    <groups>
    </groups>
    <test started-at="2025-07-30T17:34:19 IST" name="Test" finished-at="2025-07-30T17:34:24 IST" duration-ms="5401">
      <class name="mavenpackage.MavenProject1.Testcase1">
        <test-method signature="testcase1()[pri:0, instance:mavenpackage.MavenProject1.Testcase1@41a0aa7d]" started-at="2025-07-30T17:34:19 IST" name="testcase1" finished-at="2025-07-30T17:34:24 IST" duration-ms="5363" status="PASS">
          <reporter-output>
          </reporter-output>
        </test-method> <!-- testcase1 -->
      </class> <!-- mavenpackage.MavenProject1.Testcase1 -->
    </test> <!-- Test -->
  </suite> <!-- Suite -->
</testng-results>
