<?xml version="1.0" encoding="UTF-8"?>
<testng-results ignored="0" total="1" passed="1" failed="0" skipped="0">
  <reporter-output>
  </reporter-output>
  <suite started-at="2026-02-27T01:35:55 IST" name="Suite" finished-at="2026-02-27T01:36:14 IST" duration-ms="18971">
    <groups>
    </groups>
    <test started-at="2026-02-27T01:35:55 IST" name="Test" finished-at="2026-02-27T01:36:14 IST" duration-ms="18971">
      <class name="TestCases.ATS_EndToEndTest">
        <test-method is-config="true" signature="setUp()[pri:0, instance:TestCases.ATS_EndToEndTest@6e4de19b]" started-at="2026-02-27T01:35:55 IST" name="setUp" finished-at="2026-02-27T01:36:00 IST" duration-ms="4557" status="PASS">
          <reporter-output>
          </reporter-output>
        </test-method> <!-- setUp -->
        <test-method signature="verifyEndToEndOrderFlow()[pri:0, instance:TestCases.ATS_EndToEndTest@6e4de19b]" started-at="2026-02-27T01:36:00 IST" name="verifyEndToEndOrderFlow" finished-at="2026-02-27T01:36:14 IST" duration-ms="14135" status="PASS">
          <reporter-output>
          </reporter-output>
        </test-method> <!-- verifyEndToEndOrderFlow -->
        <test-method is-config="true" signature="tearDown()[pri:0, instance:TestCases.ATS_EndToEndTest@6e4de19b]" started-at="2026-02-27T01:36:14 IST" name="tearDown" finished-at="2026-02-27T01:36:14 IST" duration-ms="238" status="PASS">
          <reporter-output>
          </reporter-output>
        </test-method> <!-- tearDown -->
      </class> <!-- TestCases.ATS_EndToEndTest -->
    </test> <!-- Test -->
  </suite> <!-- Suite -->
</testng-results>
